<?xml version="1.0" encoding="UTF-8"?>
<!-- Generated by org.testng.reporters.JUnitXMLReporter -->
<testsuite hostname="DESKTOP-BON9LB6" failures="0" tests="9" name="MihomeCapturePackageTest" time="35.863" errors="0" timestamp="19 Oct 2022 10:58:52 GMT">
  <testcase classname="autobusinesstest.pcaptest.MihomeCapturePackageTest" name="addDeviceTest" time="0.001"/>
  <testcase classname="autobusinesstest.pcaptest.MihomeCapturePackageTest" name="downloadVoiceTest" time="0.0"/>
  <testcase classname="autobusinesstest.pcaptest.MihomeCapturePackageTest" name="normalCleanTest" time="0.001"/>
  <testcase classname="autobusinesstest.pcaptest.MihomeCapturePackageTest" name="firmwareUpdateTest" time="0.0"/>
  <testcase classname="autobusinesstest.pcaptest.MihomeCapturePackageTest" name="updatedCleanTest" time="0.001"/>
  <testcase classname="autobusinesstest.pcaptest.MihomeCapturePackageTest" name="sheduledCleanTest" time="0.0"/>
  <testcase classname="autobusinesstest.pcaptest.MihomeCapturePackageTest" name="remoteControlTest" time="0.0"/>
  <testcase classname="autobusinesstest.pcaptest.MihomeCapturePackageTest" name="maintenanceTest" time="0.001"/>
  <testcase classname="autobusinesstest.pcaptest.MihomeCapturePackageTest" name="errorImageTest" time="0.0"/>
</testsuite> <!-- MihomeCapturePackageTest -->
